<?xml version="1.0" encoding="UTF-8" ?>
<testsuite tests="8" failures="0" name="CustomAppenderTest" time="16.141" errors="0" skipped="0">
  <properties>
[...]
</properties>
  <testcase classname="CustomAppenderTest" name="postMessageAsyncSuccess" time="5.65"/>
  <testcase classname="CustomAppenderTest" name="postMessageSuccess" time="1.155"/>
  <testcase classname="CustomAppenderTest" name="testSyncCall" time="0.28"/>
  <testcase classname="CustomAppenderTest" name="testAsyncCall" time="0.062"/>
  <testcase classname="CustomAppenderTest" name="postMessageAsync" time="0.181"/>
  <testcase classname="CustomAppenderTest" name="postMessageAsyncSuccessTwo" time="0.616"/>
  <testcase classname="CustomAppenderTest" name="postMessageFail" time="5.094"/>
  <testcase classname="CustomAppenderTest" name="postMessage" time="3.103"/>
</testsuite>